2019-01-04 22:14:22,471-INFO-test_login.py-64-测试用例名称：正常登录
2019-01-04 22:14:22,471-INFO-test_login.py-65-测试用例数据：{"mobilephone":"13510563782","pwd":"123456"}
2019-01-04 22:14:23,136-INFO-test_login.py-64-测试用例名称：输入错误的密码
2019-01-04 22:14:23,136-INFO-test_login.py-65-测试用例数据：{"mobilephone":"13510563782","pwd":"12345678"}
2019-01-04 22:14:23,252-INFO-test_login.py-64-测试用例名称：不输入密码
2019-01-04 22:14:23,252-INFO-test_login.py-65-测试用例数据：{"mobilephone":"13510563782","pwd":""}
2019-01-04 22:14:23,421-INFO-test_login.py-64-测试用例名称：不输入手机号码
2019-01-04 22:14:23,421-INFO-test_login.py-65-测试用例数据：{"mobilephone":"","pwd":"123456"}
2019-01-04 22:15:16,019-INFO-test_login.py-68-测试用例名称：正常登录
2019-01-04 22:15:16,019-INFO-test_login.py-69-测试用例数据：{"mobilephone":"13510563782","pwd":"123456"}
2019-01-04 22:15:16,166-INFO-test_login.py-68-测试用例名称：输入错误的密码
2019-01-04 22:15:16,166-INFO-test_login.py-69-测试用例数据：{"mobilephone":"13510563782","pwd":"12345678"}
2019-01-04 22:15:16,266-INFO-test_login.py-68-测试用例名称：不输入密码
2019-01-04 22:15:16,266-INFO-test_login.py-69-测试用例数据：{"mobilephone":"13510563782","pwd":""}
2019-01-04 22:15:16,373-INFO-test_login.py-68-测试用例名称：不输入手机号码
2019-01-04 22:15:16,373-INFO-test_login.py-69-测试用例数据：{"mobilephone":"","pwd":"123456"}
2019-01-04 22:46:25,845-INFO-test_login.py-68-测试用例名称：正常登录
2019-01-04 22:46:25,845-INFO-test_login.py-69-测试用例数据：{"mobilephone":"13510563782","pwd":"123456"}
2019-01-04 22:46:25,977-INFO-test_login.py-68-测试用例名称：输入错误的密码
2019-01-04 22:46:25,977-INFO-test_login.py-69-测试用例数据：{"mobilephone":"13510563782","pwd":"12345678"}
2019-01-04 22:46:26,077-INFO-test_login.py-68-测试用例名称：不输入密码
2019-01-04 22:46:26,077-INFO-test_login.py-69-测试用例数据：{"mobilephone":"13510563782","pwd":""}
2019-01-04 22:46:26,192-INFO-test_login.py-68-测试用例名称：不输入手机号码
2019-01-04 22:46:26,192-INFO-test_login.py-69-测试用例数据：{"mobilephone":"","pwd":"123456"}
2019-03-09 17:06:01,597-INFO-test_login.py-68-测试用例名称：正常登录
2019-03-09 17:06:01,598-INFO-test_login.py-69-测试用例数据：{"mobilephone":"13510563782","pwd":"123456"}
2019-03-09 17:06:02,057-INFO-test_login.py-68-测试用例名称：输入错误的密码
2019-03-09 17:06:02,058-INFO-test_login.py-69-测试用例数据：{"mobilephone":"13510563782","pwd":"12345678"}
2019-03-09 17:06:02,149-INFO-test_login.py-68-测试用例名称：不输入密码
2019-03-09 17:06:02,149-INFO-test_login.py-69-测试用例数据：{"mobilephone":"13510563782","pwd":""}
2019-03-09 17:06:02,225-INFO-test_login.py-68-测试用例名称：不输入手机号码
2019-03-09 17:06:02,225-INFO-test_login.py-69-测试用例数据：{"mobilephone":"","pwd":"123456"}
2019-03-10 11:10:53,388-INFO-test_login.py-68-测试用例名称：正常登录
2019-03-10 11:10:53,388-INFO-test_login.py-69-测试用例数据：{"mobilephone":"13510563782","pwd":"123456"}
2019-03-10 11:10:53,547-INFO-test_login.py-68-测试用例名称：输入错误的密码
2019-03-10 11:10:53,549-INFO-test_login.py-69-测试用例数据：{"mobilephone":"13510563782","pwd":"12345678"}
2019-03-10 11:10:53,631-INFO-test_login.py-68-测试用例名称：不输入密码
2019-03-10 11:10:53,631-INFO-test_login.py-69-测试用例数据：{"mobilephone":"13510563782","pwd":""}
2019-03-10 11:10:53,710-INFO-test_login.py-68-测试用例名称：不输入手机号码
2019-03-10 11:10:53,711-INFO-test_login.py-69-测试用例数据：{"mobilephone":"","pwd":"123456"}
